Using pre-set license
Built from '2020.3/china_unity/release' branch; Version is '2020.3.2f1c1 (5fdc1e83a2fd) revision 6282270'; Using compiler version '192528614'; Build Type 'Release'
OS: 'Windows 10 Pro; OS build 19042.928; Version 2009; 64bit' Language: 'zh' Physical Memory: 32542 MB
BatchMode: 1, IsHumanControllingUs: 0, StartBugReporterOnCrash: 0, Is64bit: 1, IsPro: 0

 COMMAND LINE ARGUMENTS:
C:\Program Files\Unity\Hub\Editor\2020.3.2f1c1\Editor\Unity.exe
-adb2
-batchMode
-noUpm
-name
AssetImportWorker0
-projectPath
E:/Unity_Projects/HDRPSelfUpdateMap
-logFile
Logs/AssetImportWorker0.log
-srvPort
61724
Successfully changed project path to: E:/Unity_Projects/HDRPSelfUpdateMap
E:/Unity_Projects/HDRPSelfUpdateMap
Using Asset Import Pipeline V2.
Refreshing native plugins compatible for Editor in 64.60 ms, found 0 plugins.
Preloading 0 native plugins for Editor in 0.00 ms.
Initialize engine version: 2020.3.2f1c1 (5fdc1e83a2fd)
[Subsystems] Discovering subsystems at path C:/Program Files/Unity/Hub/Editor/2020.3.2f1c1/Editor/Data/Resources/UnitySubsystems
[Subsystems] Discovering subsystems at path E:/Unity_Projects/HDRPSelfUpdateMap/Assets
GfxDevice: creating device client; threaded=0
Direct3D:
    Version:  Direct3D 11.0 [level 11.1]
    Renderer: NVIDIA GeForce RTX 2060 (ID=0x1f08)
    Vendor:   
    VRAM:     5980 MB
    Driver:   27.21.14.6192
Initialize mono
Mono path[0] = 'C:/Program Files/Unity/Hub/Editor/2020.3.2f1c1/Editor/Data/Managed'
Mono path[1] = 'C:/Program Files/Unity/Hub/Editor/2020.3.2f1c1/Editor/Data/MonoBleedingEdge/lib/mono/unityjit'
Mono config path = 'C:/Program Files/Unity/Hub/Editor/2020.3.2f1c1/Editor/Data/MonoBleedingEdge/etc'
Using monoOptions --debugger-agent=transport=dt_socket,embedding=1,server=y,suspend=n,address=127.0.0.1:56640
Begin MonoManager ReloadAssembly
Registering precompiled unity dll's ...
Register platform support module: C:/Program Files/Unity/Hub/Editor/2020.3.2f1c1/Editor/Data/PlaybackEngines/WindowsStandaloneSupport/UnityEditor.WindowsStandalone.Extensions.dll
Registered in 0.001329 seconds.
Native extension for WindowsStandalone target not found
Refreshing native plugins compatible for Editor in 64.28 ms, found 0 plugins.
Preloading 0 native plugins for Editor in 0.00 ms.
Invoked RoslynAnalysisRunner static constructor.
RoslynAnalysisRunner will not be running.
RoslynAnalysisRunner has terminated.
Mono: successfully reloaded assembly
- Completed reload, in  0.757 seconds
Platform modules already initialized, skipping
Registering precompiled user dll's ...
Registered in 0.001329 seconds.
Begin MonoManager ReloadAssembly
Native extension for WindowsStandalone target not found
Refreshing native plugins compatible for Editor in 69.04 ms, found 0 plugins.
Preloading 0 native plugins for Editor in 0.00 ms.
Invoked RoslynAnalysisRunner static constructor.
RoslynAnalysisRunner will not be running.
RoslynAnalysisRunner has terminated.
Mono: successfully reloaded assembly
- Completed reload, in  1.110 seconds
Platform modules already initialized, skipping
========================================================================
Worker process is ready to serve import requests
Launched and connected shader compiler UnityShaderCompiler.exe after 0.05 seconds
Refreshing native plugins compatible for Editor in 0.82 ms, found 0 plugins.
Preloading 0 native plugins for Editor in 0.00 ms.
Unloading 3499 Unused Serialized files (Serialized files now loaded: 0)
System memory in use before: 174.5 MB.
System memory in use after: 174.7 MB.

Unloading 11 unused Assets to reduce memory usage. Loaded Objects now: 3960.
Total: 4.096200 ms (FindLiveObjects: 0.667800 ms CreateObjectMapping: 0.475900 ms MarkObjects: 2.869400 ms  DeleteObjects: 0.079200 ms)

========================================================================
Received Import Request.
  path: Assets/HDRPDefaultResources
  artifactKey: Guid(abc661c586a9116428571bb17ea1a331) Importer(815301076,1909f56bfc062723c751e8b465ee728b)
Start importing Assets/HDRPDefaultResources using Guid(abc661c586a9116428571bb17ea1a331) Importer(815301076,1909f56bfc062723c751e8b465ee728b)  -> (artifact id: '484f75d0d140430215f60a04c1613a65') in 0.007461 seconds
  Import took 0.014180 seconds .

========================================================================
Received Import Request.
  Time since last request: 0.000684 seconds.
  path: Assets/Scenes/SampleScene
  artifactKey: Guid(6a5ab7f14dc90e245a38a8d287014804) Importer(815301076,1909f56bfc062723c751e8b465ee728b)
Start importing Assets/Scenes/SampleScene using Guid(6a5ab7f14dc90e245a38a8d287014804) Importer(815301076,1909f56bfc062723c751e8b465ee728b)  -> (artifact id: '78b0e10e0aed65f4a805b8d89f6191db') in 0.002381 seconds
  Import took 0.008653 seconds .

========================================================================
Received Import Request.
  Time since last request: 0.000227 seconds.
  path: Assets/Scenes
  artifactKey: Guid(b920a733c82091348b3d268be152ee27) Importer(815301076,1909f56bfc062723c751e8b465ee728b)
Start importing Assets/Scenes using Guid(b920a733c82091348b3d268be152ee27) Importer(815301076,1909f56bfc062723c751e8b465ee728b)  -> (artifact id: '2e2e7d5708bfce8c221225af088c9fdc') in 0.002241 seconds
  Import took 0.008704 seconds .

========================================================================
Received Import Request.
  Time since last request: 0.000223 seconds.
  path: Assets/SampleSceneAssets
  artifactKey: Guid(0608b30f8530dad4092512580c6c9daa) Importer(815301076,1909f56bfc062723c751e8b465ee728b)
Start importing Assets/SampleSceneAssets using Guid(0608b30f8530dad4092512580c6c9daa) Importer(815301076,1909f56bfc062723c751e8b465ee728b)  -> (artifact id: '3371085d866250794883adebb088816e') in 0.002323 seconds
  Import took 0.008808 seconds .

========================================================================
Received Import Request.
  Time since last request: 2.966904 seconds.
  path: Assets/SampleSceneAssets/Materials
  artifactKey: Guid(d2f531f5d83256a4bae958b795984094) Importer(815301076,1909f56bfc062723c751e8b465ee728b)
Start importing Assets/SampleSceneAssets/Materials using Guid(d2f531f5d83256a4bae958b795984094) Importer(815301076,1909f56bfc062723c751e8b465ee728b)  -> (artifact id: 'f9416cf4165a507e31f49f2a8e798830') in 0.016477 seconds
  Import took 0.020958 seconds .

========================================================================
Received Import Request.
  Time since last request: 10.712244 seconds.
  path: Assets/SampleSceneAssets/Animations/CinematicsTimeline.playable
  artifactKey: Guid(5a54d61bc58f43341aa47f398b54ed14) Importer(815301076,1909f56bfc062723c751e8b465ee728b)
Start importing Assets/SampleSceneAssets/Animations/CinematicsTimeline.playable using Guid(5a54d61bc58f43341aa47f398b54ed14) Importer(815301076,1909f56bfc062723c751e8b465ee728b)  -> (artifact id: '3425822bdffc51f46f40038307c951fd') in 0.056274 seconds
  Import took 0.061700 seconds .

========================================================================
Received Import Request.
  Time since last request: 0.000350 seconds.
  path: Assets/SampleSceneAssets/Animations/ScreenshotsTimeline.playable
  artifactKey: Guid(a68e4ad89ad65c04981239cc0044a707) Importer(815301076,1909f56bfc062723c751e8b465ee728b)
Start importing Assets/SampleSceneAssets/Animations/ScreenshotsTimeline.playable using Guid(a68e4ad89ad65c04981239cc0044a707) Importer(815301076,1909f56bfc062723c751e8b465ee728b)  -> (artifact id: '454ab7aaef88468825695a2064d27c7f') in 0.006409 seconds
  Import took 0.011327 seconds .

========================================================================
Received Import Request.
  Time since last request: 18.843712 seconds.
  path: Assets/SampleSceneAssets/TutorialInfo/ExploreMapToolkit/Materials/Map.mat
  artifactKey: Guid(bf6e19f6af3f38f4eba43029cab0269c) Importer(815301076,1909f56bfc062723c751e8b465ee728b)
Start importing Assets/SampleSceneAssets/TutorialInfo/ExploreMapToolkit/Materials/Map.mat using Guid(bf6e19f6af3f38f4eba43029cab0269c) Importer(815301076,1909f56bfc062723c751e8b465ee728b) Launched and connected shader compiler UnityShaderCompiler.exe after 0.05 seconds
Launched and connected shader compiler UnityShaderCompiler.exe after 0.05 seconds
Launched and connected shader compiler UnityShaderCompiler.exe after 0.05 seconds
Launched and connected shader compiler UnityShaderCompiler.exe after 0.05 seconds
Launched and connected shader compiler UnityShaderCompiler.exe after 0.05 seconds
Launched and connected shader compiler UnityShaderCompiler.exe after 0.05 seconds
Launched and connected shader compiler UnityShaderCompiler.exe after 0.05 seconds
 -> (artifact id: '5d3b992ca0d32403cb0cb3f4b02caccd') in 1.758131 seconds
  Import took 1.764122 seconds .

========================================================================
Received Import Request.
  Time since last request: 0.003922 seconds.
  path: Assets/SampleSceneAssets/TutorialInfo/ExploreMapToolkit/Materials/Map.mat
  artifactKey: Guid(bf6e19f6af3f38f4eba43029cab0269c) Importer(815301076,1909f56bfc062723c751e8b465ee728b)
Start importing Assets/SampleSceneAssets/TutorialInfo/ExploreMapToolkit/Materials/Map.mat using Guid(bf6e19f6af3f38f4eba43029cab0269c) Importer(815301076,1909f56bfc062723c751e8b465ee728b)  -> (artifact id: '5d3b992ca0d32403cb0cb3f4b02caccd') in 0.018039 seconds
  Import took 0.023140 seconds .

========================================================================
Received Import Request.
  Time since last request: 10.350793 seconds.
  path: Assets/SampleSceneAssets/TutorialInfo/ExploreMapToolkit/Materials
  artifactKey: Guid(539632b82f581ec40b78791bec431e41) Importer(815301076,1909f56bfc062723c751e8b465ee728b)
Start importing Assets/SampleSceneAssets/TutorialInfo/ExploreMapToolkit/Materials using Guid(539632b82f581ec40b78791bec431e41) Importer(815301076,1909f56bfc062723c751e8b465ee728b)  -> (artifact id: 'e5fa505a61ab54981f630b84c5228fe9') in 0.001487 seconds
  Import took 0.006305 seconds .

========================================================================
Received Prepare
Registering precompiled user dll's ...
Registered in 0.001032 seconds.
Begin MonoManager ReloadAssembly
Native extension for WindowsStandalone target not found
Refreshing native plugins compatible for Editor in 0.51 ms, found 0 plugins.
Preloading 0 native plugins for Editor in 0.00 ms.
Invoked RoslynAnalysisRunner static constructor.
RoslynAnalysisRunner will not be running.
RoslynAnalysisRunner has terminated.
Mono: successfully reloaded assembly
- Completed reload, in  0.986 seconds
Platform modules already initialized, skipping
Refreshing native plugins compatible for Editor in 0.54 ms, found 0 plugins.
Preloading 0 native plugins for Editor in 0.00 ms.
Unloading 3229 Unused Serialized files (Serialized files now loaded: 0)
System memory in use before: 170.5 MB.
System memory in use after: 170.8 MB.

Unloading 6 unused Assets to reduce memory usage. Loaded Objects now: 4128.
Total: 2.956000 ms (FindLiveObjects: 0.471000 ms CreateObjectMapping: 0.208400 ms MarkObjects: 2.258600 ms  DeleteObjects: 0.016300 ms)

========================================================================
Received Prepare
Registering precompiled user dll's ...
Registered in 0.001131 seconds.
Begin MonoManager ReloadAssembly
Native extension for WindowsStandalone target not found
Refreshing native plugins compatible for Editor in 0.63 ms, found 0 plugins.
Preloading 0 native plugins for Editor in 0.00 ms.
Invoked RoslynAnalysisRunner static constructor.
RoslynAnalysisRunner will not be running.
RoslynAnalysisRunner has terminated.
Mono: successfully reloaded assembly
- Completed reload, in  0.957 seconds
Platform modules already initialized, skipping
Refreshing native plugins compatible for Editor in 0.59 ms, found 0 plugins.
Preloading 0 native plugins for Editor in 0.00 ms.
Unloading 3217 Unused Serialized files (Serialized files now loaded: 0)
System memory in use before: 169.9 MB.
System memory in use after: 170.2 MB.

Unloading 6 unused Assets to reduce memory usage. Loaded Objects now: 4131.
Total: 2.817800 ms (FindLiveObjects: 0.330100 ms CreateObjectMapping: 0.177200 ms MarkObjects: 2.292800 ms  DeleteObjects: 0.016600 ms)

========================================================================
Received Prepare
Registering precompiled user dll's ...
Registered in 0.001073 seconds.
Begin MonoManager ReloadAssembly
Native extension for WindowsStandalone target not found
Refreshing native plugins compatible for Editor in 0.59 ms, found 0 plugins.
Preloading 0 native plugins for Editor in 0.00 ms.
Invoked RoslynAnalysisRunner static constructor.
RoslynAnalysisRunner will not be running.
RoslynAnalysisRunner has terminated.
Mono: successfully reloaded assembly
- Completed reload, in  0.969 seconds
Platform modules already initialized, skipping
Refreshing native plugins compatible for Editor in 0.52 ms, found 0 plugins.
Preloading 0 native plugins for Editor in 0.00 ms.
Unloading 3217 Unused Serialized files (Serialized files now loaded: 0)
System memory in use before: 170.0 MB.
System memory in use after: 170.2 MB.

Unloading 6 unused Assets to reduce memory usage. Loaded Objects now: 4134.
Total: 2.675800 ms (FindLiveObjects: 0.332500 ms CreateObjectMapping: 0.183200 ms MarkObjects: 2.017900 ms  DeleteObjects: 0.141300 ms)

========================================================================
Received Prepare
Registering precompiled user dll's ...
Registered in 0.001270 seconds.
Begin MonoManager ReloadAssembly
Native extension for WindowsStandalone target not found
Refreshing native plugins compatible for Editor in 0.62 ms, found 0 plugins.
Preloading 0 native plugins for Editor in 0.00 ms.
Invoked RoslynAnalysisRunner static constructor.
RoslynAnalysisRunner will not be running.
RoslynAnalysisRunner has terminated.
Mono: successfully reloaded assembly
- Completed reload, in  0.960 seconds
Platform modules already initialized, skipping
Refreshing native plugins compatible for Editor in 0.58 ms, found 0 plugins.
Preloading 0 native plugins for Editor in 0.00 ms.
Unloading 3217 Unused Serialized files (Serialized files now loaded: 0)
System memory in use before: 170.0 MB.
System memory in use after: 170.2 MB.

Unloading 6 unused Assets to reduce memory usage. Loaded Objects now: 4137.
Total: 2.607800 ms (FindLiveObjects: 0.311000 ms CreateObjectMapping: 0.159800 ms MarkObjects: 2.121700 ms  DeleteObjects: 0.014100 ms)

========================================================================
Received Prepare
Registering precompiled user dll's ...
Registered in 0.001023 seconds.
Begin MonoManager ReloadAssembly
Native extension for WindowsStandalone target not found
Refreshing native plugins compatible for Editor in 0.77 ms, found 0 plugins.
Preloading 0 native plugins for Editor in 0.00 ms.
Invoked RoslynAnalysisRunner static constructor.
RoslynAnalysisRunner will not be running.
RoslynAnalysisRunner has terminated.
Mono: successfully reloaded assembly
- Completed reload, in  0.945 seconds
Platform modules already initialized, skipping
Refreshing native plugins compatible for Editor in 0.57 ms, found 0 plugins.
Preloading 0 native plugins for Editor in 0.00 ms.
Unloading 3217 Unused Serialized files (Serialized files now loaded: 0)
System memory in use before: 170.0 MB.
System memory in use after: 170.3 MB.

Unloading 6 unused Assets to reduce memory usage. Loaded Objects now: 4140.
Total: 2.763600 ms (FindLiveObjects: 0.335000 ms CreateObjectMapping: 0.197800 ms MarkObjects: 2.212900 ms  DeleteObjects: 0.015900 ms)

========================================================================
Received Prepare
Registering precompiled user dll's ...
Registered in 0.001031 seconds.
Begin MonoManager ReloadAssembly
Native extension for WindowsStandalone target not found
Refreshing native plugins compatible for Editor in 0.53 ms, found 0 plugins.
Preloading 0 native plugins for Editor in 0.00 ms.
Invoked RoslynAnalysisRunner static constructor.
RoslynAnalysisRunner will not be running.
RoslynAnalysisRunner has terminated.
Mono: successfully reloaded assembly
- Completed reload, in  0.972 seconds
Platform modules already initialized, skipping
Refreshing native plugins compatible for Editor in 0.63 ms, found 0 plugins.
Preloading 0 native plugins for Editor in 0.00 ms.
Unloading 3217 Unused Serialized files (Serialized files now loaded: 0)
System memory in use before: 170.0 MB.
System memory in use after: 170.3 MB.

Unloading 6 unused Assets to reduce memory usage. Loaded Objects now: 4143.
Total: 3.150400 ms (FindLiveObjects: 0.504200 ms CreateObjectMapping: 0.244600 ms MarkObjects: 2.380300 ms  DeleteObjects: 0.019900 ms)

========================================================================
Received Prepare
Registering precompiled user dll's ...
Registered in 0.001142 seconds.
Begin MonoManager ReloadAssembly
Native extension for WindowsStandalone target not found
Refreshing native plugins compatible for Editor in 0.53 ms, found 0 plugins.
Preloading 0 native plugins for Editor in 0.00 ms.
Invoked RoslynAnalysisRunner static constructor.
RoslynAnalysisRunner will not be running.
RoslynAnalysisRunner has terminated.
Mono: successfully reloaded assembly
- Completed reload, in  0.985 seconds
Platform modules already initialized, skipping
Refreshing native plugins compatible for Editor in 0.54 ms, found 0 plugins.
Preloading 0 native plugins for Editor in 0.00 ms.
Unloading 3217 Unused Serialized files (Serialized files now loaded: 0)
System memory in use before: 170.0 MB.
System memory in use after: 170.3 MB.

Unloading 6 unused Assets to reduce memory usage. Loaded Objects now: 4146.
Total: 2.563400 ms (FindLiveObjects: 0.360900 ms CreateObjectMapping: 0.219500 ms MarkObjects: 1.966000 ms  DeleteObjects: 0.016000 ms)

========================================================================
Received Prepare
Registering precompiled user dll's ...
Registered in 0.001231 seconds.
Begin MonoManager ReloadAssembly
Native extension for WindowsStandalone target not found
Refreshing native plugins compatible for Editor in 0.53 ms, found 0 plugins.
Preloading 0 native plugins for Editor in 0.00 ms.
Invoked RoslynAnalysisRunner static constructor.
RoslynAnalysisRunner will not be running.
RoslynAnalysisRunner has terminated.
Mono: successfully reloaded assembly
- Completed reload, in  0.997 seconds
Platform modules already initialized, skipping
Refreshing native plugins compatible for Editor in 0.61 ms, found 0 plugins.
Preloading 0 native plugins for Editor in 0.00 ms.
Unloading 3217 Unused Serialized files (Serialized files now loaded: 0)
System memory in use before: 170.1 MB.
System memory in use after: 170.3 MB.

Unloading 6 unused Assets to reduce memory usage. Loaded Objects now: 4149.
Total: 2.998000 ms (FindLiveObjects: 0.453800 ms CreateObjectMapping: 0.232000 ms MarkObjects: 2.289700 ms  DeleteObjects: 0.020700 ms)

========================================================================
Received Prepare
Registering precompiled user dll's ...
Registered in 0.001073 seconds.
Begin MonoManager ReloadAssembly
Native extension for WindowsStandalone target not found
Refreshing native plugins compatible for Editor in 0.59 ms, found 0 plugins.
Preloading 0 native plugins for Editor in 0.00 ms.
Invoked RoslynAnalysisRunner static constructor.
RoslynAnalysisRunner will not be running.
RoslynAnalysisRunner has terminated.
Mono: successfully reloaded assembly
- Completed reload, in  0.925 seconds
Platform modules already initialized, skipping
Refreshing native plugins compatible for Editor in 0.57 ms, found 0 plugins.
Preloading 0 native plugins for Editor in 0.00 ms.
Unloading 3217 Unused Serialized files (Serialized files now loaded: 0)
System memory in use before: 170.1 MB.
System memory in use after: 170.3 MB.

Unloading 6 unused Assets to reduce memory usage. Loaded Objects now: 4152.
Total: 4.210500 ms (FindLiveObjects: 0.490800 ms CreateObjectMapping: 0.224100 ms MarkObjects: 3.475600 ms  DeleteObjects: 0.018500 ms)

========================================================================
Received Import Request.
  Time since last request: 804.176090 seconds.
  path: Assets/ExploreMapToolkit/Prefabs/ExploreMapManager.prefab
  artifactKey: Guid(fd554d3d100bf734ba03090ac467833d) Importer(815301076,1909f56bfc062723c751e8b465ee728b)
Start importing Assets/ExploreMapToolkit/Prefabs/ExploreMapManager.prefab using Guid(fd554d3d100bf734ba03090ac467833d) Importer(815301076,1909f56bfc062723c751e8b465ee728b)  -> (artifact id: 'e7eb9a81950dd0c7f800610d03573966') in 0.461204 seconds
  Import took 0.467112 seconds .

========================================================================
Received Import Request.
  Time since last request: 0.416509 seconds.
  path: Assets/ExploreMapToolkit/Materials/Map.mat
  artifactKey: Guid(bf6e19f6af3f38f4eba43029cab0269c) Importer(815301076,1909f56bfc062723c751e8b465ee728b)
Start importing Assets/ExploreMapToolkit/Materials/Map.mat using Guid(bf6e19f6af3f38f4eba43029cab0269c) Importer(815301076,1909f56bfc062723c751e8b465ee728b)  -> (artifact id: '7355baa7521e520133102d5e91e72ff2') in 0.032347 seconds
  Import took 0.037975 seconds .

========================================================================
Received Import Request.
  Time since last request: 37.026321 seconds.
  path: Assets/ExploreMapToolkit/Materials/MaskedMap.shadergraph
  artifactKey: Guid(abf58b3a0fcf7a241bbe9897b3109249) Importer(815301076,1909f56bfc062723c751e8b465ee728b)
Start importing Assets/ExploreMapToolkit/Materials/MaskedMap.shadergraph using Guid(abf58b3a0fcf7a241bbe9897b3109249) Importer(815301076,1909f56bfc062723c751e8b465ee728b)  -> (artifact id: '2e6c68552a02f919165401536957b372') in 0.004305 seconds
  Import took 0.009153 seconds .

========================================================================
Received Import Request.
  Time since last request: 0.009965 seconds.
  path: Assets/ExploreMapToolkit/Resources
  artifactKey: Guid(b2a206a8a9e461f4986b2a2cc6e88187) Importer(815301076,1909f56bfc062723c751e8b465ee728b)
Start importing Assets/ExploreMapToolkit/Resources using Guid(b2a206a8a9e461f4986b2a2cc6e88187) Importer(815301076,1909f56bfc062723c751e8b465ee728b)  -> (artifact id: '814e462e70f846d4d3c7934e03b54939') in 0.001786 seconds
  Import took 0.006344 seconds .

========================================================================
Received Import Request.
  Time since last request: 0.006007 seconds.
  path: Assets/ExploreMapToolkit/Prefabs/ExploreMapManager.prefab
  artifactKey: Guid(fd554d3d100bf734ba03090ac467833d) Importer(815301076,1909f56bfc062723c751e8b465ee728b)
Start importing Assets/ExploreMapToolkit/Prefabs/ExploreMapManager.prefab using Guid(fd554d3d100bf734ba03090ac467833d) Importer(815301076,1909f56bfc062723c751e8b465ee728b)  -> (artifact id: '3be12173fa6eb043810799433ef514ad') in 0.018929 seconds
  Import took 0.023773 seconds .

========================================================================
Received Import Request.
  Time since last request: 0.002835 seconds.
  path: Assets/ExploreMapToolkit/Scripts/ExploreMapManager.cs
  artifactKey: Guid(0764f13cbf150ac4eacd60a30501973d) Importer(815301076,1909f56bfc062723c751e8b465ee728b)
Start importing Assets/ExploreMapToolkit/Scripts/ExploreMapManager.cs using Guid(0764f13cbf150ac4eacd60a30501973d) Importer(815301076,1909f56bfc062723c751e8b465ee728b)  -> (artifact id: '215a496e9008c424e39a9e248bda13aa') in 0.013998 seconds
  Import took 0.018330 seconds .

